<?xml version="1.0" encoding="UTF-8"?>
<testsuite name="com.ibm.infrafix.CityInfraFixApplicationTests" tests="1" skipped="0" failures="0" errors="0" timestamp="2025-11-01T10:19:57" hostname="DESKTOP-F6QPB53" time="0.592">
  <properties/>
  <testcase name="contextLoads()" classname="com.ibm.infrafix.CityInfraFixApplicationTests" time="0.592"/>
  <system-out><![CDATA[15:49:47.502 [Test worker] INFO org.springframework.test.context.support.AnnotationConfigContextLoaderUtils -- Could not detect default configuration classes for test class [com.ibm.infrafix.CityInfraFixApplicationTests]: CityInfraFixApplicationTests does not declare any static, non-private, non-final, nested classes annotated with @Configuration.
15:49:47.609 [Test worker] INFO org.springframework.boot.test.context.SpringBootTestContextBootstrapper -- Found @SpringBootConfiguration com.ibm.infrafix.CityInfraFixApplication for test class com.ibm.infrafix.CityInfraFixApplicationTests

  .   ____          _            __ _ _
 /\\ / ___'_ __ _ _(_)_ __  __ _ \ \ \ \
( ( )\___ | '_ | '_| | '_ \/ _` | \ \ \ \
 \\/  ___)| |_)| | | | | || (_| |  ) ) ) )
  '  |____| .__|_| |_|_| |_\__, | / / / /
 =========|_|==============|___/=/_/_/_/

 :: Spring Boot ::                (v3.5.7)

2025-11-01T15:49:48.062+05:30  INFO 15808 --- [CityInfraFix] [    Test worker] c.i.i.CityInfraFixApplicationTests       : Starting CityInfraFixApplicationTests using Java 17.0.12 with PID 15808 (started by VivekBajpai in D:\SprinBoot\IBM_Code_Challaneg\CityInfraFix)
2025-11-01T15:49:48.063+05:30  INFO 15808 --- [CityInfraFix] [    Test worker] c.i.i.CityInfraFixApplicationTests       : No active profile set, falling back to 1 default profile: "default"
2025-11-01T15:49:48.753+05:30  INFO 15808 --- [CityInfraFix] [    Test worker] .s.d.r.c.RepositoryConfigurationDelegate : Bootstrapping Spring Data JPA repositories in DEFAULT mode.
2025-11-01T15:49:48.825+05:30  INFO 15808 --- [CityInfraFix] [    Test worker] .s.d.r.c.RepositoryConfigurationDelegate : Finished Spring Data repository scanning in 60 ms. Found 3 JPA repository interfaces.
2025-11-01T15:49:49.282+05:30  INFO 15808 --- [CityInfraFix] [    Test worker] o.hibernate.jpa.internal.util.LogHelper  : HHH000204: Processing PersistenceUnitInfo [name: default]
2025-11-01T15:49:49.329+05:30  INFO 15808 --- [CityInfraFix] [    Test worker] org.hibernate.Version                    : HHH000412: Hibernate ORM core version 6.6.33.Final
2025-11-01T15:49:49.359+05:30  INFO 15808 --- [CityInfraFix] [    Test worker] o.h.c.internal.RegionFactoryInitiator    : HHH000026: Second-level cache disabled
2025-11-01T15:49:49.636+05:30  INFO 15808 --- [CityInfraFix] [    Test worker] o.s.o.j.p.SpringPersistenceUnitInfo      : No LoadTimeWeaver setup: ignoring JPA class transformer
2025-11-01T15:49:49.667+05:30  INFO 15808 --- [CityInfraFix] [    Test worker] com.zaxxer.hikari.HikariDataSource       : HikariPool-1 - Starting...
2025-11-01T15:49:52.552+05:30  INFO 15808 --- [CityInfraFix] [    Test worker] com.zaxxer.hikari.pool.HikariPool        : HikariPool-1 - Added connection org.postgresql.jdbc.PgConnection@2e3900dc
2025-11-01T15:49:52.554+05:30  INFO 15808 --- [CityInfraFix] [    Test worker] com.zaxxer.hikari.HikariDataSource       : HikariPool-1 - Start completed.
2025-11-01T15:49:52.880+05:30  WARN 15808 --- [CityInfraFix] [    Test worker] org.hibernate.orm.deprecation            : HHH90000025: PostgreSQLDialect does not need to be specified explicitly using 'hibernate.dialect' (remove the property setting and it will be selected by default)
2025-11-01T15:49:53.721+05:30  INFO 15808 --- [CityInfraFix] [    Test worker] org.hibernate.orm.connections.pooling    : HHH10001005: Database info:
	Database JDBC URL [Connecting through datasource 'HikariDataSource (HikariPool-1)']
	Database driver: undefined/unknown
	Database version: 17.5
	Autocommit mode: undefined/unknown
	Isolation level: undefined/unknown
	Minimum pool size: undefined/unknown
	Maximum pool size: undefined/unknown
2025-11-01T15:49:54.572+05:30  INFO 15808 --- [CityInfraFix] [    Test worker] o.h.m.i.EntityInstantiatorPojoStandard   : HHH000182: No default (no-argument) constructor for class: com.ibm.infrafix.model.CrewDetails (class must be instantiated by Interceptor)
2025-11-01T15:49:54.702+05:30  INFO 15808 --- [CityInfraFix] [    Test worker] o.h.e.t.j.p.i.JtaPlatformInitiator       : HHH000489: No JTA platform available (set 'hibernate.transaction.jta.platform' to enable JTA platform integration)
Hibernate: alter table if exists complaint_model alter column content set data type BIGINT
2025-11-01T15:49:56.389+05:30  INFO 15808 --- [CityInfraFix] [    Test worker] j.LocalContainerEntityManagerFactoryBean : Initialized JPA EntityManagerFactory for persistence unit 'default'
2025-11-01T15:49:56.879+05:30  WARN 15808 --- [CityInfraFix] [    Test worker] JpaBaseConfiguration$JpaWebConfiguration : spring.jpa.open-in-view is enabled by default. Therefore, database queries may be performed during view rendering. Explicitly configure spring.jpa.open-in-view to disable this warning
2025-11-01T15:49:57.289+05:30  INFO 15808 --- [CityInfraFix] [    Test worker] c.i.i.CityInfraFixApplicationTests       : Started CityInfraFixApplicationTests in 9.516 seconds (process running for 11.687)
]]></system-out>
  <system-err><![CDATA[]]></system-err>
</testsuite>
